2026-02-24 16:36:24,075 [INFO    ] Conectando a MariaDB...
2026-02-24 16:36:24,095 [INFO    ] package: mysql.connector.plugins
2026-02-24 16:36:24,095 [INFO    ] plugin_name: mysql_native_password
2026-02-24 16:36:24,096 [INFO    ] AUTHENTICATION_PLUGIN_CLASS: MySQLNativePasswordAuthPlugin
2026-02-24 16:36:24,102 [INFO    ] ✓ MariaDB 10.11.14-MariaDB-ubu2204
2026-02-24 16:36:24,102 [INFO    ] Conectando a PostgreSQL...
2026-02-24 16:36:24,135 [INFO    ] ✓ PostgreSQL OK
2026-02-24 16:36:24,135 [INFO    ] 
████████████████████████████████████████████████████████████
2026-02-24 16:36:24,137 [INFO    ]             INICIANDO MIGRACIÓN ERP → ALMA_BE_V2            
2026-02-24 16:36:24,137 [INFO    ] ████████████████████████████████████████████████████████████
2026-02-24 16:36:24,137 [INFO    ] 
Cargando tablas de referencia...
2026-02-24 16:36:24,143 [INFO    ]   lookup pais: 239 filas
2026-02-24 16:36:24,171 [INFO    ]   lookup provincia: 4291 filas
2026-02-24 16:36:24,173 [INFO    ]   lookup t_est_civil: 9 filas
2026-02-24 16:36:24,175 [INFO    ]   lookup t_ocupacion: 7 filas
2026-02-24 16:36:24,176 [INFO    ]   lookup t_dni: 6 filas
2026-02-24 16:36:24,177 [INFO    ] 
============================================================
2026-02-24 16:36:24,177 [INFO    ] MIGRANDO: roles
2026-02-24 16:36:24,222 [INFO    ] ✓ 11/11 roles
2026-02-24 16:36:24,222 [INFO    ] 
============================================================
2026-02-24 16:36:24,222 [INFO    ] MIGRANDO: users
2026-02-24 16:36:31,487 [INFO    ] ✓ 14175 personas | 53 auth users
2026-02-24 16:36:31,489 [INFO    ] 
============================================================
2026-02-24 16:36:31,490 [INFO    ] MIGRANDO: user_roles
2026-02-24 16:36:31,493 [ERROR   ] ✗ user_roles: 1054 (42S22): Unknown column 'created_at' in 'SELECT'
2026-02-24 16:36:31,493 [INFO    ] 
============================================================
2026-02-24 16:36:31,493 [INFO    ] MIGRANDO: profiles
2026-02-24 16:36:52,927 [INFO    ] ✓ 14051/14175 profiles (omitidos: 0)
2026-02-24 16:36:52,932 [INFO    ] 
============================================================
2026-02-24 16:36:52,933 [INFO    ] MIGRANDO: profile_addresses
2026-02-24 16:36:58,056 [INFO    ] ✓ 10222/10296 profile_addresses
2026-02-24 16:36:58,059 [INFO    ] 
============================================================
2026-02-24 16:36:58,059 [INFO    ] MIGRANDO: profile_employment
2026-02-24 16:36:58,429 [INFO    ] ✓ 711/713 profile_employment
2026-02-24 16:36:58,429 [INFO    ] 
============================================================
2026-02-24 16:36:58,429 [INFO    ] MIGRANDO: profile_family
2026-02-24 16:36:58,887 [INFO    ] ✓ 869/874 profile_family
2026-02-24 16:36:58,887 [INFO    ] 
============================================================
2026-02-24 16:36:58,887 [INFO    ] MIGRANDO: profile_dni
2026-02-24 16:37:05,890 [INFO    ] ✓ 14051/14175 profile_dni
2026-02-24 16:37:05,892 [INFO    ] 
████████████████████████████████████████████████████████████
2026-02-24 16:37:05,892 [INFO    ]                     MIGRACIÓN COMPLETADA                    
2026-02-24 16:37:05,893 [INFO    ] ████████████████████████████████████████████████████████████
2026-02-24 16:37:05,893 [INFO    ]   Duración   : 41.8s
2026-02-24 16:37:05,893 [INFO    ]   Tablas     : 7/8
2026-02-24 16:37:05,893 [INFO    ]   Registros  : 54143 / 54472
2026-02-24 16:37:05,893 [INFO    ]   Errores    : 1
2026-02-24 16:37:05,893 [WARNING ]   - user_roles: 1054 (42S22): Unknown column 'created_at' in 'SELECT'
2026-02-24 16:37:05,893 [INFO    ] ████████████████████████████████████████████████████████████

2026-02-24 16:45:39,346 [INFO    ] Conectando a MariaDB...
2026-02-24 16:45:39,367 [INFO    ] package: mysql.connector.plugins
2026-02-24 16:45:39,367 [INFO    ] plugin_name: mysql_native_password
2026-02-24 16:45:39,368 [INFO    ] AUTHENTICATION_PLUGIN_CLASS: MySQLNativePasswordAuthPlugin
2026-02-24 16:45:39,373 [INFO    ] ✓ MariaDB 10.11.14-MariaDB-ubu2204
2026-02-24 16:45:39,373 [INFO    ] Conectando a PostgreSQL...
2026-02-24 16:45:39,407 [INFO    ] ✓ PostgreSQL OK
2026-02-24 16:45:39,407 [INFO    ] 
████████████████████████████████████████████████████████████
2026-02-24 16:45:39,407 [INFO    ]             INICIANDO MIGRACIÓN ERP → ALMA_BE_V2            
2026-02-24 16:45:39,407 [INFO    ] ████████████████████████████████████████████████████████████
2026-02-24 16:45:39,407 [INFO    ]   Modo: primeros 10 registros
2026-02-24 16:45:39,408 [INFO    ] 
Cargando tablas de referencia...
2026-02-24 16:45:39,412 [INFO    ]   lookup pais: 239 filas
2026-02-24 16:45:39,441 [INFO    ]   lookup provincia: 4291 filas
2026-02-24 16:45:39,443 [INFO    ]   lookup t_est_civil: 9 filas
2026-02-24 16:45:39,444 [INFO    ]   lookup t_ocupacion: 7 filas
2026-02-24 16:45:39,445 [INFO    ]   lookup t_dni: 6 filas
2026-02-24 16:45:39,445 [INFO    ] 
============================================================
2026-02-24 16:45:39,446 [INFO    ] MIGRANDO: roles
2026-02-24 16:45:39,485 [INFO    ] ✓ 11/11 roles
2026-02-24 16:45:39,486 [INFO    ] 
============================================================
2026-02-24 16:45:39,486 [INFO    ] MIGRANDO: users
2026-02-24 16:45:39,551 [INFO    ] ✓ 10 personas | 53 auth users
2026-02-24 16:45:39,552 [INFO    ] 
============================================================
2026-02-24 16:45:39,552 [INFO    ] MIGRANDO: user_roles
2026-02-24 16:45:39,555 [WARNING ] Sin registros en model_has_roles
2026-02-24 16:45:39,555 [INFO    ] 
============================================================
2026-02-24 16:45:39,555 [INFO    ] MIGRANDO: profiles
2026-02-24 16:45:39,586 [INFO    ] ✓ 10/10 profiles (omitidos: 0)
2026-02-24 16:45:39,586 [INFO    ] 
============================================================
2026-02-24 16:45:39,586 [INFO    ] MIGRANDO: profile_addresses
2026-02-24 16:45:39,726 [INFO    ] ✓ 9/10296 profile_addresses
2026-02-24 16:45:39,729 [INFO    ] 
============================================================
2026-02-24 16:45:39,729 [INFO    ] MIGRANDO: profile_employment
2026-02-24 16:45:39,745 [INFO    ] ✓ 0/713 profile_employment
2026-02-24 16:45:39,745 [INFO    ] 
============================================================
2026-02-24 16:45:39,745 [INFO    ] MIGRANDO: profile_family
2026-02-24 16:45:39,760 [INFO    ] ✓ 0/874 profile_family
2026-02-24 16:45:39,761 [INFO    ] 
============================================================
2026-02-24 16:45:39,761 [INFO    ] MIGRANDO: profile_dni
2026-02-24 16:45:39,894 [INFO    ] ✓ 10/14175 profile_dni
2026-02-24 16:45:39,895 [INFO    ] 
████████████████████████████████████████████████████████████
2026-02-24 16:45:39,895 [INFO    ]                     MIGRACIÓN COMPLETADA                    
2026-02-24 16:45:39,895 [INFO    ] ████████████████████████████████████████████████████████████
2026-02-24 16:45:39,896 [INFO    ]   Duración   : 0.5s
2026-02-24 16:45:39,896 [INFO    ]   Tablas     : 7/8
2026-02-24 16:45:39,896 [INFO    ]   Registros  : 103 / 26142
2026-02-24 16:45:39,896 [INFO    ]   Errores    : 0
2026-02-24 16:45:39,896 [INFO    ] ████████████████████████████████████████████████████████████

